2026-03-07 17:39:22 | INFO     | ✅ 数据库表初始化完成
2026-03-07 17:39:22 | INFO     | 🚀 启动 i 茅台申购辅助工具...
2026-03-07 17:39:22 | INFO     | ⏰ 已设置申购开始提醒：08:50
2026-03-07 17:39:22 | INFO     | ⏰ 已设置申购截止提醒：20:30
2026-03-07 17:39:22 | INFO     | ⏰ 已设置结果公布提醒：22:00
2026-03-07 17:39:22 | INFO     | 🚀 启动定时任务调度器...
2026-03-07 20:30:00 | INFO     | 🔔 执行申购截止提醒任务...
2026-03-07 20:30:00 | INFO     | ✅ 飞书消息发送成功
2026-03-07 20:30:00 | INFO     | 📤 已发送申购截止提醒
2026-03-07 22:00:00 | INFO     | 🔔 执行结果公布提醒任务...
2026-03-07 22:00:00 | INFO     | ✅ 飞书消息发送成功
2026-03-07 22:00:00 | INFO     | 📤 已发送结果公布提醒
2026-03-08 08:50:00 | INFO     | 🔔 执行申购开始提醒任务...
2026-03-08 08:50:00 | INFO     | ✅ 飞书消息发送成功
2026-03-08 08:50:00 | INFO     | 📤 已发送申购开始提醒
2026-03-08 20:30:00 | INFO     | 🔔 执行申购截止提醒任务...
2026-03-08 20:30:00 | INFO     | ✅ 飞书消息发送成功
2026-03-08 20:30:00 | INFO     | 📤 已发送申购截止提醒
2026-03-08 22:00:00 | INFO     | 🔔 执行结果公布提醒任务...
2026-03-08 22:00:00 | INFO     | ✅ 飞书消息发送成功
2026-03-08 22:00:00 | INFO     | 📤 已发送结果公布提醒
